<?xml version="1.0" encoding="UTF-8"?>
<testsuite name="com.group.libraryapp.calculator.JunitCalculatorTest" tests="5" skipped="0" failures="0" errors="0" timestamp="2023-01-27T06:52:11" hostname="jongbin-ui-MacBookPro.local" time="0.033">
  <properties/>
  <testcase name="divideTest()" classname="com.group.libraryapp.calculator.JunitCalculatorTest" time="0.028"/>
  <testcase name="addTest()" classname="com.group.libraryapp.calculator.JunitCalculatorTest" time="0.0"/>
  <testcase name="multiplyTest()" classname="com.group.libraryapp.calculator.JunitCalculatorTest" time="0.0"/>
  <testcase name="divideExceptionTest()" classname="com.group.libraryapp.calculator.JunitCalculatorTest" time="0.004"/>
  <testcase name="minusTest()" classname="com.group.libraryapp.calculator.JunitCalculatorTest" time="0.0"/>
  <system-out><![CDATA[]]></system-out>
  <system-err><![CDATA[]]></system-err>
</testsuite>
